   1               		.file	"led_i2c.c"
   2               	__SP_H__ = 0x3e
   3               	__SP_L__ = 0x3d
   4               	__SREG__ = 0x3f
   5               	__tmp_reg__ = 0
   6               	__zero_reg__ = 1
   7               		.text
   8               	.Ltext0:
   9               		.cfi_sections	.debug_frame
  10               		.section	.text.rgblight_call_driver,"ax",@progbits
  11               	.global	rgblight_call_driver
  13               	rgblight_call_driver:
  14               	.LVL0:
  15               	.LFB129:
  16               		.file 1 "keyboards/ergodox_ez/led_i2c.c"
   1:keyboards/ergodox_ez/led_i2c.c **** /*
   2:keyboards/ergodox_ez/led_i2c.c **** Copyright 2012 Jun Wako <wakojun@gmail.com>
   3:keyboards/ergodox_ez/led_i2c.c **** Copyright 2013 Oleg Kostyuk <cub.uanic@gmail.com>
   4:keyboards/ergodox_ez/led_i2c.c **** Copyright 2015 ZSA Technology Labs Inc (@zsa)
   5:keyboards/ergodox_ez/led_i2c.c **** Copyright 2020 Christopher Courtney <drashna@live.com> (@drashna)
   6:keyboards/ergodox_ez/led_i2c.c **** 
   7:keyboards/ergodox_ez/led_i2c.c **** This program is free software: you can redistribute it and/or modify
   8:keyboards/ergodox_ez/led_i2c.c **** it under the terms of the GNU General Public License as published by
   9:keyboards/ergodox_ez/led_i2c.c **** the Free Software Foundation, either version 2 of the License, or
  10:keyboards/ergodox_ez/led_i2c.c **** (at your option) any later version.
  11:keyboards/ergodox_ez/led_i2c.c **** 
  12:keyboards/ergodox_ez/led_i2c.c **** This program is distributed in the hope that it will be useful,
  13:keyboards/ergodox_ez/led_i2c.c **** but WITHOUT ANY WARRANTY; without even the implied warranty of
  14:keyboards/ergodox_ez/led_i2c.c **** MERCHANTABILITY or FITNESS FOR A PARTICULAR PURPOSE.  See the
  15:keyboards/ergodox_ez/led_i2c.c **** GNU General Public License for more details.
  16:keyboards/ergodox_ez/led_i2c.c **** 
  17:keyboards/ergodox_ez/led_i2c.c **** You should have received a copy of the GNU General Public License
  18:keyboards/ergodox_ez/led_i2c.c **** along with this program.  If not, see <http://www.gnu.org/licenses/>.
  19:keyboards/ergodox_ez/led_i2c.c **** */
  20:keyboards/ergodox_ez/led_i2c.c **** 
  21:keyboards/ergodox_ez/led_i2c.c **** #ifdef RGBLIGHT_ENABLE
  22:keyboards/ergodox_ez/led_i2c.c **** 
  23:keyboards/ergodox_ez/led_i2c.c **** #    include "ergodox_ez.h"
  24:keyboards/ergodox_ez/led_i2c.c **** 
  25:keyboards/ergodox_ez/led_i2c.c **** void rgblight_call_driver(LED_TYPE *led, uint8_t led_num) {
  17               		.loc 1 25 59 view -0
  18               		.cfi_startproc
  19               		.loc 1 25 59 is_stmt 0 view .LVU1
  20 0000 CF92      		push r12
  21               	.LCFI0:
  22               		.cfi_def_cfa_offset 3
  23               		.cfi_offset 12, -2
  24 0002 DF92      		push r13
  25               	.LCFI1:
  26               		.cfi_def_cfa_offset 4
  27               		.cfi_offset 13, -3
  28 0004 FF92      		push r15
  29               	.LCFI2:
  30               		.cfi_def_cfa_offset 5
  31               		.cfi_offset 15, -4
  32 0006 0F93      		push r16
  33               	.LCFI3:
  34               		.cfi_def_cfa_offset 6
  35               		.cfi_offset 16, -5
  36 0008 1F93      		push r17
  37               	.LCFI4:
  38               		.cfi_def_cfa_offset 7
  39               		.cfi_offset 17, -6
  40 000a CF93      		push r28
  41               	.LCFI5:
  42               		.cfi_def_cfa_offset 8
  43               		.cfi_offset 28, -7
  44 000c DF93      		push r29
  45               	.LCFI6:
  46               		.cfi_def_cfa_offset 9
  47               		.cfi_offset 29, -8
  48               	/* prologue: function */
  49               	/* frame size = 0 */
  50               	/* stack size = 7 */
  51               	.L__stack_usage = 7
  52 000e 8C01      		movw r16,r24
  53 0010 F62E      		mov r15,r22
  26:keyboards/ergodox_ez/led_i2c.c ****     i2c_init();
  54               		.loc 1 26 5 is_stmt 1 view .LVU2
  55 0012 0E94 0000 		call i2c_init
  56               	.LVL1:
  27:keyboards/ergodox_ez/led_i2c.c ****     i2c_start(0x84, ERGODOX_EZ_I2C_TIMEOUT);
  57               		.loc 1 27 5 view .LVU3
  58 0016 64E6      		ldi r22,lo8(100)
  59 0018 70E0      		ldi r23,0
  60 001a 84E8      		ldi r24,lo8(-124)
  61 001c 0E94 0000 		call i2c_start
  62               	.LVL2:
  28:keyboards/ergodox_ez/led_i2c.c ****     int i = 0;
  63               		.loc 1 28 5 view .LVU4
  29:keyboards/ergodox_ez/led_i2c.c **** #    if defined(ERGODOX_LED_30)
  30:keyboards/ergodox_ez/led_i2c.c ****     // prevent right-half code from trying to bitbang all 30
  31:keyboards/ergodox_ez/led_i2c.c ****     // so with 30 LEDs, we count from 29 to 15 here, and the
  32:keyboards/ergodox_ez/led_i2c.c ****     // other half does 0 to 14.
  33:keyboards/ergodox_ez/led_i2c.c ****     uint8_t half_led_num = RGBLED_NUM / 2;
  64               		.loc 1 33 5 view .LVU5
  34:keyboards/ergodox_ez/led_i2c.c ****     for (i = half_led_num + half_led_num - 1; i >= half_led_num; --i)
  65               		.loc 1 34 5 view .LVU6
  66               		.loc 1 34 47 view .LVU7
  67 0020 E801      		movw r28,r16
  68 0022 C95A      		subi r28,-87
  69 0024 DF4F      		sbci r29,-1
  70 0026 6801      		movw r12,r16
  71 0028 8AE2      		ldi r24,42
  72 002a C80E      		add r12,r24
  73 002c D11C      		adc r13,__zero_reg__
  74               	.LVL3:
  75               	.L2:
  76               	.LBB2:
  35:keyboards/ergodox_ez/led_i2c.c **** #    elif defined(ERGODOX_LED_15_MIRROR)
  36:keyboards/ergodox_ez/led_i2c.c ****     for (i = 0; i < led_num; ++i)
  37:keyboards/ergodox_ez/led_i2c.c **** #    else  // ERGDOX_LED_15 non-mirrored
  38:keyboards/ergodox_ez/led_i2c.c ****     for (i = led_num - 1; i >= 0; --i)
  39:keyboards/ergodox_ez/led_i2c.c **** #    endif
  40:keyboards/ergodox_ez/led_i2c.c ****     {
  41:keyboards/ergodox_ez/led_i2c.c ****         uint8_t *data = (uint8_t *)(led + i);
  77               		.loc 1 41 9 discriminator 3 view .LVU8
  42:keyboards/ergodox_ez/led_i2c.c ****         i2c_write(*data++, ERGODOX_EZ_I2C_TIMEOUT);
  78               		.loc 1 42 9 discriminator 3 view .LVU9
  79               		.loc 1 42 9 is_stmt 0 discriminator 3 view .LVU10
  80 002e 64E6      		ldi r22,lo8(100)
  81 0030 70E0      		ldi r23,0
  82 0032 8881      		ld r24,Y
  83 0034 0E94 0000 		call i2c_write
  84               	.LVL4:
  43:keyboards/ergodox_ez/led_i2c.c ****         i2c_write(*data++, ERGODOX_EZ_I2C_TIMEOUT);
  85               		.loc 1 43 9 is_stmt 1 discriminator 3 view .LVU11
  86               		.loc 1 43 9 is_stmt 0 discriminator 3 view .LVU12
  87 0038 64E6      		ldi r22,lo8(100)
  88 003a 70E0      		ldi r23,0
  89 003c 8981      		ldd r24,Y+1
  90 003e 0E94 0000 		call i2c_write
  91               	.LVL5:
  44:keyboards/ergodox_ez/led_i2c.c ****         i2c_write(*data++, ERGODOX_EZ_I2C_TIMEOUT);
  92               		.loc 1 44 9 is_stmt 1 discriminator 3 view .LVU13
  93               		.loc 1 44 9 is_stmt 0 discriminator 3 view .LVU14
  94 0042 64E6      		ldi r22,lo8(100)
  95 0044 70E0      		ldi r23,0
  96 0046 8A81      		ldd r24,Y+2
  97 0048 0E94 0000 		call i2c_write
  98               	.LVL6:
  99               	.LBE2:
  34:keyboards/ergodox_ez/led_i2c.c **** #    elif defined(ERGODOX_LED_15_MIRROR)
 100               		.loc 1 34 66 is_stmt 1 discriminator 3 view .LVU15
  34:keyboards/ergodox_ez/led_i2c.c **** #    elif defined(ERGODOX_LED_15_MIRROR)
 101               		.loc 1 34 47 discriminator 3 view .LVU16
 102 004c 2397      		sbiw r28,3
 103               	.LVL7:
  34:keyboards/ergodox_ez/led_i2c.c **** #    elif defined(ERGODOX_LED_15_MIRROR)
 104               		.loc 1 34 5 is_stmt 0 discriminator 3 view .LVU17
 105 004e CC15      		cp r28,r12
 106 0050 DD05      		cpc r29,r13
 107 0052 01F4      		brne .L2
  45:keyboards/ergodox_ez/led_i2c.c **** #ifdef RGBW
  46:keyboards/ergodox_ez/led_i2c.c ****         i2c_write(*data++, ERGODOX_EZ_I2C_TIMEOUT);
  47:keyboards/ergodox_ez/led_i2c.c **** #endif
  48:keyboards/ergodox_ez/led_i2c.c ****     }
  49:keyboards/ergodox_ez/led_i2c.c ****     i2c_stop();
 108               		.loc 1 49 5 is_stmt 1 view .LVU18
 109 0054 0E94 0000 		call i2c_stop
 110               	.LVL8:
  50:keyboards/ergodox_ez/led_i2c.c **** 
  51:keyboards/ergodox_ez/led_i2c.c ****     ws2812_setleds(led, led_num);
 111               		.loc 1 51 5 view .LVU19
 112 0058 6F2D      		mov r22,r15
 113 005a 70E0      		ldi r23,0
 114 005c C801      		movw r24,r16
 115               	/* epilogue start */
  52:keyboards/ergodox_ez/led_i2c.c **** }
 116               		.loc 1 52 1 is_stmt 0 view .LVU20
 117 005e DF91      		pop r29
 118 0060 CF91      		pop r28
 119               	.LVL9:
 120               		.loc 1 52 1 view .LVU21
 121 0062 1F91      		pop r17
 122 0064 0F91      		pop r16
 123               	.LVL10:
 124               		.loc 1 52 1 view .LVU22
 125 0066 FF90      		pop r15
 126               	.LVL11:
 127               		.loc 1 52 1 view .LVU23
 128 0068 DF90      		pop r13
 129 006a CF90      		pop r12
  51:keyboards/ergodox_ez/led_i2c.c **** }
 130               		.loc 1 51 5 view .LVU24
 131 006c 0C94 0000 		jmp ws2812_setleds
 132               	.LVL12:
  51:keyboards/ergodox_ez/led_i2c.c **** }
 133               		.loc 1 51 5 view .LVU25
 134               		.cfi_endproc
 135               	.LFE129:
 137               		.text
 138               	.Letext0:
 139               		.file 2 "/usr/local/Cellar/avr-gcc@8/8.4.0/avr/include/stdint.h"
 140               		.file 3 "/usr/local/Cellar/avr-gcc@8/8.4.0/lib/avr-gcc/8/gcc/avr/8.4.0/include/stddef.h"
 141               		.file 4 "tmk_core/common/keyboard.h"
 142               		.file 5 "tmk_core/common/action.h"
 143               		.file 6 "lib/lufa/LUFA/Drivers/USB/Core/AVR8/../StdRequestType.h"
 144               		.file 7 "lib/lufa/LUFA/Drivers/USB/Core/AVR8/../DeviceStandardReq.h"
 145               		.file 8 "lib/lufa/LUFA/Drivers/USB/Core/USBTask.h"
 146               		.file 9 "lib/lufa/LUFA/Drivers/USB/Core/HostStandardReq.h"
 147               		.file 10 "/usr/local/Cellar/avr-gcc@8/8.4.0/avr/include/stdio.h"
 148               		.file 11 "tmk_core/common/report.h"
 149               		.file 12 "tmk_core/common/host.h"
 150               		.file 13 "tmk_core/common/debug.h"
 151               		.file 14 "quantum/keycode_config.h"
 152               		.file 15 "quantum/keymap.h"
 153               		.file 16 "./quantum/color.h"
 154               		.file 17 "quantum/rgblight.h"
 155               		.file 18 "tmk_core/common/action_layer.h"
 156               		.file 19 "tmk_core/common/timer.h"
 157               		.file 20 "tmk_core/common/action_util.h"
 158               		.file 21 "/usr/local/Cellar/avr-gcc@8/8.4.0/avr/include/stdlib.h"
 159               		.file 22 "quantum/process_keycode/process_unicode_common.h"
 160               		.file 23 "quantum/quantum.h"
 161               		.file 24 "drivers/avr/i2c_master.h"
 162               		.file 25 "keyboards/ergodox_ez/ergodox_ez.h"
 163               		.file 26 "drivers/ws2812.h"
DEFINED SYMBOLS
                            *ABS*:0000000000000000 led_i2c.c
/var/folders/_9/m54r6fns3hz487qfhcdsxzvr0000gn/T//cc6QHWkU.s:2      *ABS*:000000000000003e __SP_H__
/var/folders/_9/m54r6fns3hz487qfhcdsxzvr0000gn/T//cc6QHWkU.s:3      *ABS*:000000000000003d __SP_L__
/var/folders/_9/m54r6fns3hz487qfhcdsxzvr0000gn/T//cc6QHWkU.s:4      *ABS*:000000000000003f __SREG__
/var/folders/_9/m54r6fns3hz487qfhcdsxzvr0000gn/T//cc6QHWkU.s:5      *ABS*:0000000000000000 __tmp_reg__
/var/folders/_9/m54r6fns3hz487qfhcdsxzvr0000gn/T//cc6QHWkU.s:6      *ABS*:0000000000000001 __zero_reg__
/var/folders/_9/m54r6fns3hz487qfhcdsxzvr0000gn/T//cc6QHWkU.s:13     .text.rgblight_call_driver:0000000000000000 rgblight_call_driver

UNDEFINED SYMBOLS
i2c_init
i2c_start
i2c_write
i2c_stop
ws2812_setleds
