   1               		.file	"keyboard.c"
   2               	__SP_H__ = 0x3e
   3               	__SP_L__ = 0x3d
   4               	__SREG__ = 0x3f
   5               	__tmp_reg__ = 0
   6               	__zero_reg__ = 1
   7               		.text
   8               	.Ltext0:
   9               		.cfi_sections	.debug_frame
  10               		.section	.text.disable_jtag,"ax",@progbits
  11               	.global	disable_jtag
  13               	disable_jtag:
  14               	.LFB105:
  15               		.file 1 "tmk_core/common/keyboard.c"
   1:tmk_core/common/keyboard.c **** /*
   2:tmk_core/common/keyboard.c **** Copyright 2011, 2012, 2013 Jun Wako <wakojun@gmail.com>
   3:tmk_core/common/keyboard.c **** 
   4:tmk_core/common/keyboard.c **** This program is free software: you can redistribute it and/or modify
   5:tmk_core/common/keyboard.c **** it under the terms of the GNU General Public License as published by
   6:tmk_core/common/keyboard.c **** the Free Software Foundation, either version 2 of the License, or
   7:tmk_core/common/keyboard.c **** (at your option) any later version.
   8:tmk_core/common/keyboard.c **** 
   9:tmk_core/common/keyboard.c **** This program is distributed in the hope that it will be useful,
  10:tmk_core/common/keyboard.c **** but WITHOUT ANY WARRANTY; without even the implied warranty of
  11:tmk_core/common/keyboard.c **** MERCHANTABILITY or FITNESS FOR A PARTICULAR PURPOSE.  See the
  12:tmk_core/common/keyboard.c **** GNU General Public License for more details.
  13:tmk_core/common/keyboard.c **** 
  14:tmk_core/common/keyboard.c **** You should have received a copy of the GNU General Public License
  15:tmk_core/common/keyboard.c **** along with this program.  If not, see <http://www.gnu.org/licenses/>.
  16:tmk_core/common/keyboard.c **** */
  17:tmk_core/common/keyboard.c **** 
  18:tmk_core/common/keyboard.c **** #include <stdint.h>
  19:tmk_core/common/keyboard.c **** #include "keyboard.h"
  20:tmk_core/common/keyboard.c **** #include "matrix.h"
  21:tmk_core/common/keyboard.c **** #include "keymap.h"
  22:tmk_core/common/keyboard.c **** #include "host.h"
  23:tmk_core/common/keyboard.c **** #include "led.h"
  24:tmk_core/common/keyboard.c **** #include "keycode.h"
  25:tmk_core/common/keyboard.c **** #include "timer.h"
  26:tmk_core/common/keyboard.c **** #include "print.h"
  27:tmk_core/common/keyboard.c **** #include "debug.h"
  28:tmk_core/common/keyboard.c **** #include "command.h"
  29:tmk_core/common/keyboard.c **** #include "util.h"
  30:tmk_core/common/keyboard.c **** #include "sendchar.h"
  31:tmk_core/common/keyboard.c **** #include "eeconfig.h"
  32:tmk_core/common/keyboard.c **** #include "action_layer.h"
  33:tmk_core/common/keyboard.c **** #ifdef BACKLIGHT_ENABLE
  34:tmk_core/common/keyboard.c **** #    include "backlight.h"
  35:tmk_core/common/keyboard.c **** #endif
  36:tmk_core/common/keyboard.c **** #ifdef BOOTMAGIC_ENABLE
  37:tmk_core/common/keyboard.c **** #    include "bootmagic.h"
  38:tmk_core/common/keyboard.c **** #else
  39:tmk_core/common/keyboard.c **** #    include "magic.h"
  40:tmk_core/common/keyboard.c **** #endif
  41:tmk_core/common/keyboard.c **** #ifdef MOUSEKEY_ENABLE
  42:tmk_core/common/keyboard.c **** #    include "mousekey.h"
  43:tmk_core/common/keyboard.c **** #endif
  44:tmk_core/common/keyboard.c **** #ifdef PS2_MOUSE_ENABLE
  45:tmk_core/common/keyboard.c **** #    include "ps2_mouse.h"
  46:tmk_core/common/keyboard.c **** #endif
  47:tmk_core/common/keyboard.c **** #ifdef SERIAL_MOUSE_ENABLE
  48:tmk_core/common/keyboard.c **** #    include "serial_mouse.h"
  49:tmk_core/common/keyboard.c **** #endif
  50:tmk_core/common/keyboard.c **** #ifdef ADB_MOUSE_ENABLE
  51:tmk_core/common/keyboard.c **** #    include "adb.h"
  52:tmk_core/common/keyboard.c **** #endif
  53:tmk_core/common/keyboard.c **** #ifdef RGBLIGHT_ENABLE
  54:tmk_core/common/keyboard.c **** #    include "rgblight.h"
  55:tmk_core/common/keyboard.c **** #endif
  56:tmk_core/common/keyboard.c **** #ifdef ENCODER_ENABLE
  57:tmk_core/common/keyboard.c **** #    include "encoder.h"
  58:tmk_core/common/keyboard.c **** #endif
  59:tmk_core/common/keyboard.c **** #ifdef STENO_ENABLE
  60:tmk_core/common/keyboard.c **** #    include "process_steno.h"
  61:tmk_core/common/keyboard.c **** #endif
  62:tmk_core/common/keyboard.c **** #ifdef FAUXCLICKY_ENABLE
  63:tmk_core/common/keyboard.c **** #    include "fauxclicky.h"
  64:tmk_core/common/keyboard.c **** #endif
  65:tmk_core/common/keyboard.c **** #ifdef SERIAL_LINK_ENABLE
  66:tmk_core/common/keyboard.c **** #    include "serial_link/system/serial_link.h"
  67:tmk_core/common/keyboard.c **** #endif
  68:tmk_core/common/keyboard.c **** #ifdef VISUALIZER_ENABLE
  69:tmk_core/common/keyboard.c **** #    include "visualizer/visualizer.h"
  70:tmk_core/common/keyboard.c **** #endif
  71:tmk_core/common/keyboard.c **** #ifdef POINTING_DEVICE_ENABLE
  72:tmk_core/common/keyboard.c **** #    include "pointing_device.h"
  73:tmk_core/common/keyboard.c **** #endif
  74:tmk_core/common/keyboard.c **** #ifdef MIDI_ENABLE
  75:tmk_core/common/keyboard.c **** #    include "process_midi.h"
  76:tmk_core/common/keyboard.c **** #endif
  77:tmk_core/common/keyboard.c **** #ifdef JOYSTICK_ENABLE
  78:tmk_core/common/keyboard.c **** #    include "process_joystick.h"
  79:tmk_core/common/keyboard.c **** #endif
  80:tmk_core/common/keyboard.c **** #ifdef HD44780_ENABLE
  81:tmk_core/common/keyboard.c **** #    include "hd44780.h"
  82:tmk_core/common/keyboard.c **** #endif
  83:tmk_core/common/keyboard.c **** #ifdef QWIIC_ENABLE
  84:tmk_core/common/keyboard.c **** #    include "qwiic.h"
  85:tmk_core/common/keyboard.c **** #endif
  86:tmk_core/common/keyboard.c **** #ifdef OLED_DRIVER_ENABLE
  87:tmk_core/common/keyboard.c **** #    include "oled_driver.h"
  88:tmk_core/common/keyboard.c **** #endif
  89:tmk_core/common/keyboard.c **** #ifdef VELOCIKEY_ENABLE
  90:tmk_core/common/keyboard.c **** #    include "velocikey.h"
  91:tmk_core/common/keyboard.c **** #endif
  92:tmk_core/common/keyboard.c **** #ifdef VIA_ENABLE
  93:tmk_core/common/keyboard.c **** #    include "via.h"
  94:tmk_core/common/keyboard.c **** #endif
  95:tmk_core/common/keyboard.c **** #ifdef DIP_SWITCH_ENABLE
  96:tmk_core/common/keyboard.c **** #    include "dip_switch.h"
  97:tmk_core/common/keyboard.c **** #endif
  98:tmk_core/common/keyboard.c **** 
  99:tmk_core/common/keyboard.c **** // Only enable this if console is enabled to print to
 100:tmk_core/common/keyboard.c **** #if defined(DEBUG_MATRIX_SCAN_RATE) && defined(CONSOLE_ENABLE)
 101:tmk_core/common/keyboard.c **** static uint32_t matrix_timer      = 0;
 102:tmk_core/common/keyboard.c **** static uint32_t matrix_scan_count = 0;
 103:tmk_core/common/keyboard.c **** 
 104:tmk_core/common/keyboard.c **** void matrix_scan_perf_task(void) {
 105:tmk_core/common/keyboard.c ****     matrix_scan_count++;
 106:tmk_core/common/keyboard.c **** 
 107:tmk_core/common/keyboard.c ****     uint32_t timer_now = timer_read32();
 108:tmk_core/common/keyboard.c ****     if (TIMER_DIFF_32(timer_now, matrix_timer) > 1000) {
 109:tmk_core/common/keyboard.c ****         dprintf("matrix scan frequency: %d\n", matrix_scan_count);
 110:tmk_core/common/keyboard.c **** 
 111:tmk_core/common/keyboard.c ****         matrix_timer      = timer_now;
 112:tmk_core/common/keyboard.c ****         matrix_scan_count = 0;
 113:tmk_core/common/keyboard.c ****     }
 114:tmk_core/common/keyboard.c **** }
 115:tmk_core/common/keyboard.c **** #else
 116:tmk_core/common/keyboard.c **** #    define matrix_scan_perf_task()
 117:tmk_core/common/keyboard.c **** #endif
 118:tmk_core/common/keyboard.c **** 
 119:tmk_core/common/keyboard.c **** #ifdef MATRIX_HAS_GHOST
 120:tmk_core/common/keyboard.c **** extern const uint16_t keymaps[][MATRIX_ROWS][MATRIX_COLS];
 121:tmk_core/common/keyboard.c **** static matrix_row_t   get_real_keys(uint8_t row, matrix_row_t rowdata) {
 122:tmk_core/common/keyboard.c ****     matrix_row_t out = 0;
 123:tmk_core/common/keyboard.c ****     for (uint8_t col = 0; col < MATRIX_COLS; col++) {
 124:tmk_core/common/keyboard.c ****         // read each key in the row data and check if the keymap defines it as a real key
 125:tmk_core/common/keyboard.c ****         if (pgm_read_byte(&keymaps[0][row][col]) && (rowdata & (1 << col))) {
 126:tmk_core/common/keyboard.c ****             // this creates new row data, if a key is defined in the keymap, it will be set here
 127:tmk_core/common/keyboard.c ****             out |= 1 << col;
 128:tmk_core/common/keyboard.c ****         }
 129:tmk_core/common/keyboard.c ****     }
 130:tmk_core/common/keyboard.c ****     return out;
 131:tmk_core/common/keyboard.c **** }
 132:tmk_core/common/keyboard.c **** 
 133:tmk_core/common/keyboard.c **** static inline bool popcount_more_than_one(matrix_row_t rowdata) {
 134:tmk_core/common/keyboard.c ****     rowdata &= rowdata - 1;  // if there are less than two bits (keys) set, rowdata will become zer
 135:tmk_core/common/keyboard.c ****     return rowdata;
 136:tmk_core/common/keyboard.c **** }
 137:tmk_core/common/keyboard.c **** 
 138:tmk_core/common/keyboard.c **** static inline bool has_ghost_in_row(uint8_t row, matrix_row_t rowdata) {
 139:tmk_core/common/keyboard.c ****     /* No ghost exists when less than 2 keys are down on the row.
 140:tmk_core/common/keyboard.c ****     If there are "active" blanks in the matrix, the key can't be pressed by the user,
 141:tmk_core/common/keyboard.c ****     there is no doubt as to which keys are really being pressed.
 142:tmk_core/common/keyboard.c ****     The ghosts will be ignored, they are KC_NO.   */
 143:tmk_core/common/keyboard.c ****     rowdata = get_real_keys(row, rowdata);
 144:tmk_core/common/keyboard.c ****     if ((popcount_more_than_one(rowdata)) == 0) {
 145:tmk_core/common/keyboard.c ****         return false;
 146:tmk_core/common/keyboard.c ****     }
 147:tmk_core/common/keyboard.c ****     /* Ghost occurs when the row shares a column line with other row,
 148:tmk_core/common/keyboard.c ****     and two columns are read on each row. Blanks in the matrix don't matter,
 149:tmk_core/common/keyboard.c ****     so they are filtered out.
 150:tmk_core/common/keyboard.c ****     If there are two or more real keys pressed and they match columns with
 151:tmk_core/common/keyboard.c ****     at least two of another row's real keys, the row will be ignored. Keep in mind,
 152:tmk_core/common/keyboard.c ****     we are checking one row at a time, not all of them at once.
 153:tmk_core/common/keyboard.c ****     */
 154:tmk_core/common/keyboard.c ****     for (uint8_t i = 0; i < MATRIX_ROWS; i++) {
 155:tmk_core/common/keyboard.c ****         if (i != row && popcount_more_than_one(get_real_keys(i, matrix_get_row(i)) & rowdata)) {
 156:tmk_core/common/keyboard.c ****             return true;
 157:tmk_core/common/keyboard.c ****         }
 158:tmk_core/common/keyboard.c ****     }
 159:tmk_core/common/keyboard.c ****     return false;
 160:tmk_core/common/keyboard.c **** }
 161:tmk_core/common/keyboard.c **** 
 162:tmk_core/common/keyboard.c **** #endif
 163:tmk_core/common/keyboard.c **** 
 164:tmk_core/common/keyboard.c **** void disable_jtag(void) {
  16               		.loc 1 164 25 view -0
  17               		.cfi_startproc
  18               	/* prologue: function */
  19               	/* frame size = 0 */
  20               	/* stack size = 0 */
  21               	.L__stack_usage = 0
 165:tmk_core/common/keyboard.c **** // To use PF4-7 (PC2-5 on ATmega32A), disable JTAG by writing JTD bit twice within four cycles.
 166:tmk_core/common/keyboard.c **** #if (defined(__AVR_AT90USB646__) || defined(__AVR_AT90USB647__) || defined(__AVR_AT90USB1286__) || 
 167:tmk_core/common/keyboard.c ****     MCUCR |= _BV(JTD);
  22               		.loc 1 167 5 view .LVU1
  23               		.loc 1 167 11 is_stmt 0 view .LVU2
  24 0000 85B7      		in r24,0x35
  25 0002 8068      		ori r24,lo8(-128)
  26 0004 85BF      		out 0x35,r24
 168:tmk_core/common/keyboard.c ****     MCUCR |= _BV(JTD);
  27               		.loc 1 168 5 is_stmt 1 view .LVU3
  28               		.loc 1 168 11 is_stmt 0 view .LVU4
  29 0006 85B7      		in r24,0x35
  30 0008 8068      		ori r24,lo8(-128)
  31 000a 85BF      		out 0x35,r24
  32               	/* epilogue start */
 169:tmk_core/common/keyboard.c **** #elif defined(__AVR_ATmega32A__)
 170:tmk_core/common/keyboard.c ****     MCUCSR |= _BV(JTD);
 171:tmk_core/common/keyboard.c ****     MCUCSR |= _BV(JTD);
 172:tmk_core/common/keyboard.c **** #endif
 173:tmk_core/common/keyboard.c **** }
  33               		.loc 1 173 1 view .LVU5
  34 000c 0895      		ret
  35               		.cfi_endproc
  36               	.LFE105:
  38               		.section	.text.keyboard_pre_init_user,"ax",@progbits
  39               		.weak	keyboard_pre_init_user
  41               	keyboard_pre_init_user:
  42               	.LFB107:
 174:tmk_core/common/keyboard.c **** 
 175:tmk_core/common/keyboard.c **** /** \brief matrix_setup
 176:tmk_core/common/keyboard.c ****  *
 177:tmk_core/common/keyboard.c ****  * FIXME: needs doc
 178:tmk_core/common/keyboard.c ****  */
 179:tmk_core/common/keyboard.c **** __attribute__((weak)) void matrix_setup(void) {}
 180:tmk_core/common/keyboard.c **** 
 181:tmk_core/common/keyboard.c **** /** \brief keyboard_pre_init_user
 182:tmk_core/common/keyboard.c ****  *
 183:tmk_core/common/keyboard.c ****  * FIXME: needs doc
 184:tmk_core/common/keyboard.c ****  */
 185:tmk_core/common/keyboard.c **** __attribute__((weak)) void keyboard_pre_init_user(void) {}
  43               		.loc 1 185 57 is_stmt 1 view -0
  44               		.cfi_startproc
  45               	/* prologue: function */
  46               	/* frame size = 0 */
  47               	/* stack size = 0 */
  48               	.L__stack_usage = 0
  49               		.loc 1 185 58 view .LVU7
  50               	/* epilogue start */
  51               		.loc 1 185 1 is_stmt 0 view .LVU8
  52 0000 0895      		ret
  53               		.cfi_endproc
  54               	.LFE107:
  56               		.set	keyboard_pre_init_user.localalias.0,keyboard_pre_init_user
  57               		.section	.text.matrix_setup,"ax",@progbits
  58               		.weak	matrix_setup
  60               	matrix_setup:
  61               	.LFB120:
  62               		.cfi_startproc
  63               	/* prologue: function */
  64               	/* frame size = 0 */
  65               	/* stack size = 0 */
  66               	.L__stack_usage = 0
  67               	/* epilogue start */
  68 0000 0895      		ret
  69               		.cfi_endproc
  70               	.LFE120:
  72               		.section	.text.keyboard_pre_init_kb,"ax",@progbits
  73               		.weak	keyboard_pre_init_kb
  75               	keyboard_pre_init_kb:
  76               	.LFB108:
 186:tmk_core/common/keyboard.c **** 
 187:tmk_core/common/keyboard.c **** /** \brief keyboard_pre_init_kb
 188:tmk_core/common/keyboard.c ****  *
 189:tmk_core/common/keyboard.c ****  * FIXME: needs doc
 190:tmk_core/common/keyboard.c ****  */
 191:tmk_core/common/keyboard.c **** __attribute__((weak)) void keyboard_pre_init_kb(void) { keyboard_pre_init_user(); }
  77               		.loc 1 191 55 is_stmt 1 view -0
  78               		.cfi_startproc
  79               	/* prologue: function */
  80               	/* frame size = 0 */
  81               	/* stack size = 0 */
  82               	.L__stack_usage = 0
  83               		.loc 1 191 57 view .LVU10
  84 0000 0C94 0000 		jmp keyboard_pre_init_user
  85               	.LVL0:
  86               		.cfi_endproc
  87               	.LFE108:
  89               		.section	.text.keyboard_post_init_user,"ax",@progbits
  90               		.weak	keyboard_post_init_user
  92               	keyboard_post_init_user:
  93               	.LFB118:
  94               		.cfi_startproc
  95               	/* prologue: function */
  96               	/* frame size = 0 */
  97               	/* stack size = 0 */
  98               	.L__stack_usage = 0
  99               	/* epilogue start */
 100 0000 0895      		ret
 101               		.cfi_endproc
 102               	.LFE118:
 104               		.section	.text.keyboard_post_init_kb,"ax",@progbits
 105               		.weak	keyboard_post_init_kb
 107               	keyboard_post_init_kb:
 108               	.LFB110:
 192:tmk_core/common/keyboard.c **** 
 193:tmk_core/common/keyboard.c **** /** \brief keyboard_post_init_user
 194:tmk_core/common/keyboard.c ****  *
 195:tmk_core/common/keyboard.c ****  * FIXME: needs doc
 196:tmk_core/common/keyboard.c ****  */
 197:tmk_core/common/keyboard.c **** 
 198:tmk_core/common/keyboard.c **** __attribute__((weak)) void keyboard_post_init_user() {}
 199:tmk_core/common/keyboard.c **** 
 200:tmk_core/common/keyboard.c **** /** \brief keyboard_post_init_kb
 201:tmk_core/common/keyboard.c ****  *
 202:tmk_core/common/keyboard.c ****  * FIXME: needs doc
 203:tmk_core/common/keyboard.c ****  */
 204:tmk_core/common/keyboard.c **** 
 205:tmk_core/common/keyboard.c **** __attribute__((weak)) void keyboard_post_init_kb(void) { keyboard_post_init_user(); }
 109               		.loc 1 205 56 view -0
 110               		.cfi_startproc
 111               	/* prologue: function */
 112               	/* frame size = 0 */
 113               	/* stack size = 0 */
 114               	.L__stack_usage = 0
 115               		.loc 1 205 58 view .LVU12
 116 0000 0C94 0000 		jmp keyboard_post_init_user
 117               	.LVL1:
 118               		.cfi_endproc
 119               	.LFE110:
 121               		.section	.text.keyboard_setup,"ax",@progbits
 122               	.global	keyboard_setup
 124               	keyboard_setup:
 125               	.LFB111:
 206:tmk_core/common/keyboard.c **** 
 207:tmk_core/common/keyboard.c **** /** \brief keyboard_setup
 208:tmk_core/common/keyboard.c ****  *
 209:tmk_core/common/keyboard.c ****  * FIXME: needs doc
 210:tmk_core/common/keyboard.c ****  */
 211:tmk_core/common/keyboard.c **** void keyboard_setup(void) {
 126               		.loc 1 211 27 view -0
 127               		.cfi_startproc
 128               	/* prologue: function */
 129               	/* frame size = 0 */
 130               	/* stack size = 0 */
 131               	.L__stack_usage = 0
 212:tmk_core/common/keyboard.c **** #ifndef NO_JTAG_DISABLE
 213:tmk_core/common/keyboard.c ****     disable_jtag();
 132               		.loc 1 213 5 view .LVU14
 133 0000 0E94 0000 		call disable_jtag
 134               	.LVL2:
 214:tmk_core/common/keyboard.c **** #endif
 215:tmk_core/common/keyboard.c ****     matrix_setup();
 135               		.loc 1 215 5 view .LVU15
 136 0004 0E94 0000 		call matrix_setup
 137               	.LVL3:
 216:tmk_core/common/keyboard.c ****     keyboard_pre_init_kb();
 138               		.loc 1 216 5 view .LVU16
 139 0008 0C94 0000 		jmp keyboard_pre_init_kb
 140               	.LVL4:
 141               		.cfi_endproc
 142               	.LFE111:
 144               		.section	.text.is_keyboard_master,"ax",@progbits
 145               		.weak	is_keyboard_master
 147               	is_keyboard_master:
 148               	.LFB112:
 217:tmk_core/common/keyboard.c **** }
 218:tmk_core/common/keyboard.c **** 
 219:tmk_core/common/keyboard.c **** /** \brief is_keyboard_master
 220:tmk_core/common/keyboard.c ****  *
 221:tmk_core/common/keyboard.c ****  * FIXME: needs doc
 222:tmk_core/common/keyboard.c ****  */
 223:tmk_core/common/keyboard.c **** __attribute__((weak)) bool is_keyboard_master(void) { return true; }
 149               		.loc 1 223 53 view -0
 150               		.cfi_startproc
 151               	/* prologue: function */
 152               	/* frame size = 0 */
 153               	/* stack size = 0 */
 154               	.L__stack_usage = 0
 155               		.loc 1 223 55 view .LVU18
 156               		.loc 1 223 1 is_stmt 0 view .LVU19
 157 0000 81E0      		ldi r24,lo8(1)
 158               	/* epilogue start */
 159 0002 0895      		ret
 160               		.cfi_endproc
 161               	.LFE112:
 163               		.section	.text.should_process_keypress,"ax",@progbits
 164               		.weak	should_process_keypress
 166               	should_process_keypress:
 167               	.LFB113:
 224:tmk_core/common/keyboard.c **** 
 225:tmk_core/common/keyboard.c **** /** \brief should_process_keypress
 226:tmk_core/common/keyboard.c ****  *
 227:tmk_core/common/keyboard.c ****  * Override this function if you have a condition where keypresses processing should change:
 228:tmk_core/common/keyboard.c ****  *   - splits where the slave side needs to process for rgb/oled functionality
 229:tmk_core/common/keyboard.c ****  */
 230:tmk_core/common/keyboard.c **** __attribute__((weak)) bool should_process_keypress(void) { return is_keyboard_master(); }
 168               		.loc 1 230 58 is_stmt 1 view -0
 169               		.cfi_startproc
 170               	/* prologue: function */
 171               	/* frame size = 0 */
 172               	/* stack size = 0 */
 173               	.L__stack_usage = 0
 174               		.loc 1 230 60 view .LVU21
 175               		.loc 1 230 67 is_stmt 0 view .LVU22
 176 0000 0C94 0000 		jmp is_keyboard_master
 177               	.LVL5:
 178               		.cfi_endproc
 179               	.LFE113:
 181               		.section	.text.keyboard_init,"ax",@progbits
 182               	.global	keyboard_init
 184               	keyboard_init:
 185               	.LFB114:
 231:tmk_core/common/keyboard.c **** 
 232:tmk_core/common/keyboard.c **** /** \brief keyboard_init
 233:tmk_core/common/keyboard.c ****  *
 234:tmk_core/common/keyboard.c ****  * FIXME: needs doc
 235:tmk_core/common/keyboard.c ****  */
 236:tmk_core/common/keyboard.c **** void keyboard_init(void) {
 186               		.loc 1 236 26 is_stmt 1 view -0
 187               		.cfi_startproc
 188               	/* prologue: function */
 189               	/* frame size = 0 */
 190               	/* stack size = 0 */
 191               	.L__stack_usage = 0
 237:tmk_core/common/keyboard.c ****     timer_init();
 192               		.loc 1 237 5 view .LVU24
 193 0000 0E94 0000 		call timer_init
 194               	.LVL6:
 238:tmk_core/common/keyboard.c ****     matrix_init();
 195               		.loc 1 238 5 view .LVU25
 196 0004 0E94 0000 		call matrix_init
 197               	.LVL7:
 239:tmk_core/common/keyboard.c **** #ifdef VIA_ENABLE
 240:tmk_core/common/keyboard.c ****     via_init();
 241:tmk_core/common/keyboard.c **** #endif
 242:tmk_core/common/keyboard.c **** #ifdef QWIIC_ENABLE
 243:tmk_core/common/keyboard.c ****     qwiic_init();
 244:tmk_core/common/keyboard.c **** #endif
 245:tmk_core/common/keyboard.c **** #ifdef OLED_DRIVER_ENABLE
 246:tmk_core/common/keyboard.c ****     oled_init(OLED_ROTATION_0);
 247:tmk_core/common/keyboard.c **** #endif
 248:tmk_core/common/keyboard.c **** #ifdef PS2_MOUSE_ENABLE
 249:tmk_core/common/keyboard.c ****     ps2_mouse_init();
 250:tmk_core/common/keyboard.c **** #endif
 251:tmk_core/common/keyboard.c **** #ifdef SERIAL_MOUSE_ENABLE
 252:tmk_core/common/keyboard.c ****     serial_mouse_init();
 253:tmk_core/common/keyboard.c **** #endif
 254:tmk_core/common/keyboard.c **** #ifdef ADB_MOUSE_ENABLE
 255:tmk_core/common/keyboard.c ****     adb_mouse_init();
 256:tmk_core/common/keyboard.c **** #endif
 257:tmk_core/common/keyboard.c **** #ifdef BOOTMAGIC_ENABLE
 258:tmk_core/common/keyboard.c ****     bootmagic();
 259:tmk_core/common/keyboard.c **** #else
 260:tmk_core/common/keyboard.c ****     magic();
 198               		.loc 1 260 5 view .LVU26
 199 0008 0E94 0000 		call magic
 200               	.LVL8:
 261:tmk_core/common/keyboard.c **** #endif
 262:tmk_core/common/keyboard.c **** #ifdef BACKLIGHT_ENABLE
 263:tmk_core/common/keyboard.c ****     backlight_init();
 264:tmk_core/common/keyboard.c **** #endif
 265:tmk_core/common/keyboard.c **** #ifdef RGBLIGHT_ENABLE
 266:tmk_core/common/keyboard.c ****     rgblight_init();
 267:tmk_core/common/keyboard.c **** #endif
 268:tmk_core/common/keyboard.c **** #ifdef ENCODER_ENABLE
 269:tmk_core/common/keyboard.c ****     encoder_init();
 270:tmk_core/common/keyboard.c **** #endif
 271:tmk_core/common/keyboard.c **** #ifdef STENO_ENABLE
 272:tmk_core/common/keyboard.c ****     steno_init();
 273:tmk_core/common/keyboard.c **** #endif
 274:tmk_core/common/keyboard.c **** #ifdef FAUXCLICKY_ENABLE
 275:tmk_core/common/keyboard.c ****     fauxclicky_init();
 276:tmk_core/common/keyboard.c **** #endif
 277:tmk_core/common/keyboard.c **** #ifdef POINTING_DEVICE_ENABLE
 278:tmk_core/common/keyboard.c ****     pointing_device_init();
 279:tmk_core/common/keyboard.c **** #endif
 280:tmk_core/common/keyboard.c **** #if defined(NKRO_ENABLE) && defined(FORCE_NKRO)
 281:tmk_core/common/keyboard.c ****     keymap_config.nkro = 1;
 282:tmk_core/common/keyboard.c ****     eeconfig_update_keymap(keymap_config.raw);
 283:tmk_core/common/keyboard.c **** #endif
 284:tmk_core/common/keyboard.c **** #ifdef DIP_SWITCH_ENABLE
 285:tmk_core/common/keyboard.c ****     dip_switch_init();
 286:tmk_core/common/keyboard.c **** #endif
 287:tmk_core/common/keyboard.c **** 
 288:tmk_core/common/keyboard.c ****     keyboard_post_init_kb(); /* Always keep this last */
 201               		.loc 1 288 5 view .LVU27
 202 000c 0C94 0000 		jmp keyboard_post_init_kb
 203               	.LVL9:
 204               		.cfi_endproc
 205               	.LFE114:
 207               		.section	.text.keyboard_task,"ax",@progbits
 208               	.global	keyboard_task
 210               	keyboard_task:
 211               	.LFB115:
 289:tmk_core/common/keyboard.c **** }
 290:tmk_core/common/keyboard.c **** 
 291:tmk_core/common/keyboard.c **** /** \brief Keyboard task: Do keyboard routine jobs
 292:tmk_core/common/keyboard.c ****  *
 293:tmk_core/common/keyboard.c ****  * Do routine keyboard jobs:
 294:tmk_core/common/keyboard.c ****  *
 295:tmk_core/common/keyboard.c ****  * * scan matrix
 296:tmk_core/common/keyboard.c ****  * * handle mouse movements
 297:tmk_core/common/keyboard.c ****  * * run visualizer code
 298:tmk_core/common/keyboard.c ****  * * handle midi commands
 299:tmk_core/common/keyboard.c ****  * * light LEDs
 300:tmk_core/common/keyboard.c ****  *
 301:tmk_core/common/keyboard.c ****  * This is repeatedly called as fast as possible.
 302:tmk_core/common/keyboard.c ****  */
 303:tmk_core/common/keyboard.c **** void keyboard_task(void) {
 212               		.loc 1 303 26 view -0
 213               		.cfi_startproc
 214 0000 BF92      		push r11
 215               	.LCFI0:
 216               		.cfi_def_cfa_offset 3
 217               		.cfi_offset 11, -2
 218 0002 CF92      		push r12
 219               	.LCFI1:
 220               		.cfi_def_cfa_offset 4
 221               		.cfi_offset 12, -3
 222 0004 DF92      		push r13
 223               	.LCFI2:
 224               		.cfi_def_cfa_offset 5
 225               		.cfi_offset 13, -4
 226 0006 EF92      		push r14
 227               	.LCFI3:
 228               		.cfi_def_cfa_offset 6
 229               		.cfi_offset 14, -5
 230 0008 FF92      		push r15
 231               	.LCFI4:
 232               		.cfi_def_cfa_offset 7
 233               		.cfi_offset 15, -6
 234 000a 0F93      		push r16
 235               	.LCFI5:
 236               		.cfi_def_cfa_offset 8
 237               		.cfi_offset 16, -7
 238 000c 1F93      		push r17
 239               	.LCFI6:
 240               		.cfi_def_cfa_offset 9
 241               		.cfi_offset 17, -8
 242 000e CF93      		push r28
 243               	.LCFI7:
 244               		.cfi_def_cfa_offset 10
 245               		.cfi_offset 28, -9
 246 0010 DF93      		push r29
 247               	.LCFI8:
 248               		.cfi_def_cfa_offset 11
 249               		.cfi_offset 29, -10
 250 0012 CDB7      		in r28,__SP_L__
 251 0014 DEB7      		in r29,__SP_H__
 252               	.LCFI9:
 253               		.cfi_def_cfa_register 28
 254 0016 2A97      		sbiw r28,10
 255               	.LCFI10:
 256               		.cfi_def_cfa_offset 21
 257 0018 0FB6      		in __tmp_reg__,__SREG__
 258 001a F894      		cli
 259 001c DEBF      		out __SP_H__,r29
 260 001e 0FBE      		out __SREG__,__tmp_reg__
 261 0020 CDBF      		out __SP_L__,r28
 262               	/* prologue: function */
 263               	/* frame size = 10 */
 264               	/* stack size = 19 */
 265               	.L__stack_usage = 19
 304:tmk_core/common/keyboard.c ****     static matrix_row_t matrix_prev[MATRIX_ROWS];
 266               		.loc 1 304 5 view .LVU29
 305:tmk_core/common/keyboard.c ****     static uint8_t      led_status    = 0;
 267               		.loc 1 305 5 view .LVU30
 306:tmk_core/common/keyboard.c ****     matrix_row_t        matrix_row    = 0;
 268               		.loc 1 306 5 view .LVU31
 269               	.LVL10:
 307:tmk_core/common/keyboard.c ****     matrix_row_t        matrix_change = 0;
 270               		.loc 1 307 5 view .LVU32
 308:tmk_core/common/keyboard.c **** #ifdef QMK_KEYS_PER_SCAN
 309:tmk_core/common/keyboard.c ****     uint8_t keys_processed = 0;
 310:tmk_core/common/keyboard.c **** #endif
 311:tmk_core/common/keyboard.c **** 
 312:tmk_core/common/keyboard.c **** #if defined(OLED_DRIVER_ENABLE) && !defined(OLED_DISABLE_TIMEOUT)
 313:tmk_core/common/keyboard.c ****     uint8_t ret = matrix_scan();
 314:tmk_core/common/keyboard.c **** #else
 315:tmk_core/common/keyboard.c ****     matrix_scan();
 271               		.loc 1 315 5 view .LVU33
 272 0022 0E94 0000 		call matrix_scan
 273               	.LVL11:
 316:tmk_core/common/keyboard.c **** #endif
 317:tmk_core/common/keyboard.c **** 
 318:tmk_core/common/keyboard.c ****     if (should_process_keypress()) {
 274               		.loc 1 318 5 view .LVU34
 275               		.loc 1 318 9 is_stmt 0 view .LVU35
 276 0026 0E94 0000 		call should_process_keypress
 277               	.LVL12:
 278               		.loc 1 318 8 view .LVU36
 279 002a 8823      		tst r24
 280 002c 01F4      		brne .+2
 281 002e 00C0      		rjmp .L12
 282 0030 80E0      		ldi r24,lo8(matrix_prev.5672)
 283 0032 C82E      		mov r12,r24
 284 0034 80E0      		ldi r24,hi8(matrix_prev.5672)
 285 0036 D82E      		mov r13,r24
 286 0038 10E0      		ldi r17,0
 287 003a 00E0      		ldi r16,0
 288               	.LVL13:
 289               	.L19:
 290               		.loc 1 318 8 view .LVU37
 291 003c B02E      		mov r11,r16
 292               	.LVL14:
 293               	.LBB7:
 319:tmk_core/common/keyboard.c ****         for (uint8_t r = 0; r < MATRIX_ROWS; r++) {
 320:tmk_core/common/keyboard.c ****             matrix_row    = matrix_get_row(r);
 294               		.loc 1 320 13 is_stmt 1 view .LVU38
 295               		.loc 1 320 29 is_stmt 0 view .LVU39
 296 003e 802F      		mov r24,r16
 297 0040 0E94 0000 		call matrix_get_row
 298               	.LVL15:
 299 0044 E82E      		mov r14,r24
 300               	.LVL16:
 321:tmk_core/common/keyboard.c ****             matrix_change = matrix_row ^ matrix_prev[r];
 301               		.loc 1 321 13 is_stmt 1 view .LVU40
 302               		.loc 1 321 53 is_stmt 0 view .LVU41
 303 0046 F601      		movw r30,r12
 304 0048 F190      		ld r15,Z+
 305 004a 6F01      		movw r12,r30
 306               	.LVL17:
 322:tmk_core/common/keyboard.c ****             if (matrix_change) {
 307               		.loc 1 322 13 is_stmt 1 view .LVU42
 308               		.loc 1 322 16 is_stmt 0 view .LVU43
 309 004c F816      		cp r15,r24
 310 004e 01F4      		brne .+2
 311 0050 00C0      		rjmp .L13
 312               	.LBB8:
 323:tmk_core/common/keyboard.c **** #ifdef MATRIX_HAS_GHOST
 324:tmk_core/common/keyboard.c ****                 if (has_ghost_in_row(r, matrix_row)) {
 325:tmk_core/common/keyboard.c ****                     continue;
 326:tmk_core/common/keyboard.c ****                 }
 327:tmk_core/common/keyboard.c **** #endif
 328:tmk_core/common/keyboard.c ****                 if (debug_matrix) matrix_print();
 313               		.loc 1 328 17 is_stmt 1 view .LVU44
 314               		.loc 1 328 21 is_stmt 0 view .LVU45
 315 0052 8091 0000 		lds r24,debug_config
 316               		.loc 1 328 20 view .LVU46
 317 0056 81FD      		sbrc r24,1
 318               		.loc 1 328 35 is_stmt 1 discriminator 1 view .LVU47
 319 0058 0E94 0000 		call matrix_print
 320               	.LVL18:
 321               	.L14:
 322               	.LBE8:
 321:tmk_core/common/keyboard.c ****             if (matrix_change) {
 323               		.loc 1 321 27 is_stmt 0 view .LVU48
 324 005c 9F2D      		mov r25,r15
 325 005e 9E25      		eor r25,r14
 326               	.LBB12:
 329:tmk_core/common/keyboard.c ****                 matrix_row_t col_mask = 1;
 327               		.loc 1 329 17 is_stmt 1 view .LVU49
 328               	.LVL19:
 330:tmk_core/common/keyboard.c ****                 for (uint8_t c = 0; c < MATRIX_COLS; c++, col_mask <<= 1) {
 329               		.loc 1 330 17 view .LVU50
 330               	.LBB9:
 331               		.loc 1 330 22 view .LVU51
 332               		.loc 1 330 37 view .LVU52
 333               		.loc 1 330 30 is_stmt 0 view .LVU53
 334 0060 80E0      		ldi r24,0
 335               	.LBE9:
 329:tmk_core/common/keyboard.c ****                 matrix_row_t col_mask = 1;
 336               		.loc 1 329 30 view .LVU54
 337 0062 FF24      		clr r15
 338 0064 F394      		inc r15
 339               	.LVL20:
 340               	.L18:
 341               	.LBB10:
 331:tmk_core/common/keyboard.c ****                     if (matrix_change & col_mask) {
 342               		.loc 1 331 21 is_stmt 1 view .LVU55
 343               		.loc 1 331 25 is_stmt 0 view .LVU56
 344 0066 292F      		mov r18,r25
 345 0068 2F21      		and r18,r15
 346               		.loc 1 331 24 view .LVU57
 347 006a 01F0      		breq .L15
 332:tmk_core/common/keyboard.c ****                         action_exec((keyevent_t){
 348               		.loc 1 332 25 is_stmt 1 view .LVU58
 349               		.loc 1 332 49 is_stmt 0 view .LVU59
 350 006c 8E83      		std Y+6,r24
 351 006e BF82      		std Y+7,r11
 333:tmk_core/common/keyboard.c ****                             .key = (keypos_t){.row = r, .col = c}, .pressed = (matrix_row & col_mas
 352               		.loc 1 333 91 view .LVU60
 353 0070 EF20      		and r14,r15
 354               	.LVL21:
 355               		.loc 1 333 91 view .LVU61
 356 0072 81E0      		ldi r24,lo8(1)
 357               	.LVL22:
 358               		.loc 1 333 91 view .LVU62
 359 0074 01F4      		brne .L16
 360 0076 80E0      		ldi r24,0
 361               	.L16:
 332:tmk_core/common/keyboard.c ****                         action_exec((keyevent_t){
 362               		.loc 1 332 49 view .LVU63
 363 0078 8887      		std Y+8,r24
 364               		.loc 1 333 113 view .LVU64
 365 007a 0E94 0000 		call timer_read
 366               	.LVL23:
 367               		.loc 1 333 126 view .LVU65
 368 007e 8160      		ori r24,1
 332:tmk_core/common/keyboard.c ****                         action_exec((keyevent_t){
 369               		.loc 1 332 49 view .LVU66
 370 0080 782F      		mov r23,r24
 371 0082 9A87      		std Y+10,r25
 372 0084 8987      		std Y+9,r24
 332:tmk_core/common/keyboard.c ****                         action_exec((keyevent_t){
 373               		.loc 1 332 25 view .LVU67
 374 0086 4E81      		ldd r20,Y+6
 375 0088 5F81      		ldd r21,Y+7
 376 008a 6885      		ldd r22,Y+8
 377 008c 8A85      		ldd r24,Y+10
 378 008e 0E94 0000 		call action_exec
 379               	.LVL24:
 334:tmk_core/common/keyboard.c ****                         });
 335:tmk_core/common/keyboard.c ****                         // record a processed key
 336:tmk_core/common/keyboard.c ****                         matrix_prev[r] ^= col_mask;
 380               		.loc 1 336 25 is_stmt 1 view .LVU68
 381               		.loc 1 336 40 is_stmt 0 view .LVU69
 382 0092 F801      		movw r30,r16
 383 0094 E050      		subi r30,lo8(-(matrix_prev.5672))
 384 0096 F040      		sbci r31,hi8(-(matrix_prev.5672))
 385 0098 8081      		ld r24,Z
 386 009a F826      		eor r15,r24
 387               	.LVL25:
 388               		.loc 1 336 40 view .LVU70
 389 009c F082      		st Z,r15
 337:tmk_core/common/keyboard.c **** #ifdef QMK_KEYS_PER_SCAN
 338:tmk_core/common/keyboard.c ****                         // only jump out if we have processed "enough" keys.
 339:tmk_core/common/keyboard.c ****                         if (++keys_processed >= QMK_KEYS_PER_SCAN)
 340:tmk_core/common/keyboard.c **** #endif
 341:tmk_core/common/keyboard.c ****                             // process a key per task call
 342:tmk_core/common/keyboard.c ****                             goto MATRIX_LOOP_END;
 390               		.loc 1 342 29 is_stmt 1 view .LVU71
 391               	.LVL26:
 392               	.L17:
 393               		.loc 1 342 29 is_stmt 0 view .LVU72
 394               	.LBE10:
 395               	.LBE12:
 396               	.LBE7:
 343:tmk_core/common/keyboard.c ****                     }
 344:tmk_core/common/keyboard.c ****                 }
 345:tmk_core/common/keyboard.c ****             }
 346:tmk_core/common/keyboard.c ****         }
 347:tmk_core/common/keyboard.c ****     }
 348:tmk_core/common/keyboard.c ****     // call with pseudo tick event when no real key event.
 349:tmk_core/common/keyboard.c **** #ifdef QMK_KEYS_PER_SCAN
 350:tmk_core/common/keyboard.c ****     // we can get here with some keys processed now.
 351:tmk_core/common/keyboard.c ****     if (!keys_processed)
 352:tmk_core/common/keyboard.c **** #endif
 353:tmk_core/common/keyboard.c ****         action_exec(TICK);
 354:tmk_core/common/keyboard.c **** 
 355:tmk_core/common/keyboard.c **** MATRIX_LOOP_END:
 356:tmk_core/common/keyboard.c **** 
 357:tmk_core/common/keyboard.c **** #ifdef DEBUG_MATRIX_SCAN_RATE
 358:tmk_core/common/keyboard.c ****     matrix_scan_perf_task();
 359:tmk_core/common/keyboard.c **** #endif
 360:tmk_core/common/keyboard.c **** 
 361:tmk_core/common/keyboard.c **** #if defined(RGBLIGHT_ENABLE)
 362:tmk_core/common/keyboard.c ****     rgblight_task();
 363:tmk_core/common/keyboard.c **** #endif
 364:tmk_core/common/keyboard.c **** 
 365:tmk_core/common/keyboard.c **** #if defined(BACKLIGHT_ENABLE)
 366:tmk_core/common/keyboard.c **** #    if defined(BACKLIGHT_PIN) || defined(BACKLIGHT_PINS)
 367:tmk_core/common/keyboard.c ****     backlight_task();
 368:tmk_core/common/keyboard.c **** #    endif
 369:tmk_core/common/keyboard.c **** #endif
 370:tmk_core/common/keyboard.c **** 
 371:tmk_core/common/keyboard.c **** #ifdef ENCODER_ENABLE
 372:tmk_core/common/keyboard.c ****     encoder_read();
 373:tmk_core/common/keyboard.c **** #endif
 374:tmk_core/common/keyboard.c **** 
 375:tmk_core/common/keyboard.c **** #ifdef QWIIC_ENABLE
 376:tmk_core/common/keyboard.c ****     qwiic_task();
 377:tmk_core/common/keyboard.c **** #endif
 378:tmk_core/common/keyboard.c **** 
 379:tmk_core/common/keyboard.c **** #ifdef OLED_DRIVER_ENABLE
 380:tmk_core/common/keyboard.c ****     oled_task();
 381:tmk_core/common/keyboard.c **** #    ifndef OLED_DISABLE_TIMEOUT
 382:tmk_core/common/keyboard.c ****     // Wake up oled if user is using those fabulous keys!
 383:tmk_core/common/keyboard.c ****     if (ret) oled_on();
 384:tmk_core/common/keyboard.c **** #    endif
 385:tmk_core/common/keyboard.c **** #endif
 386:tmk_core/common/keyboard.c **** 
 387:tmk_core/common/keyboard.c **** #ifdef MOUSEKEY_ENABLE
 388:tmk_core/common/keyboard.c ****     // mousekey repeat & acceleration
 389:tmk_core/common/keyboard.c ****     mousekey_task();
 397               		.loc 1 389 5 is_stmt 1 view .LVU73
 398 009e 0E94 0000 		call mousekey_task
 399               	.LVL27:
 390:tmk_core/common/keyboard.c **** #endif
 391:tmk_core/common/keyboard.c **** 
 392:tmk_core/common/keyboard.c **** #ifdef PS2_MOUSE_ENABLE
 393:tmk_core/common/keyboard.c ****     ps2_mouse_task();
 394:tmk_core/common/keyboard.c **** #endif
 395:tmk_core/common/keyboard.c **** 
 396:tmk_core/common/keyboard.c **** #ifdef SERIAL_MOUSE_ENABLE
 397:tmk_core/common/keyboard.c ****     serial_mouse_task();
 398:tmk_core/common/keyboard.c **** #endif
 399:tmk_core/common/keyboard.c **** 
 400:tmk_core/common/keyboard.c **** #ifdef ADB_MOUSE_ENABLE
 401:tmk_core/common/keyboard.c ****     adb_mouse_task();
 402:tmk_core/common/keyboard.c **** #endif
 403:tmk_core/common/keyboard.c **** 
 404:tmk_core/common/keyboard.c **** #ifdef SERIAL_LINK_ENABLE
 405:tmk_core/common/keyboard.c ****     serial_link_update();
 406:tmk_core/common/keyboard.c **** #endif
 407:tmk_core/common/keyboard.c **** 
 408:tmk_core/common/keyboard.c **** #ifdef VISUALIZER_ENABLE
 409:tmk_core/common/keyboard.c ****     visualizer_update(default_layer_state, layer_state, visualizer_get_mods(), host_keyboard_leds()
 410:tmk_core/common/keyboard.c **** #endif
 411:tmk_core/common/keyboard.c **** 
 412:tmk_core/common/keyboard.c **** #ifdef POINTING_DEVICE_ENABLE
 413:tmk_core/common/keyboard.c ****     pointing_device_task();
 414:tmk_core/common/keyboard.c **** #endif
 415:tmk_core/common/keyboard.c **** 
 416:tmk_core/common/keyboard.c **** #ifdef MIDI_ENABLE
 417:tmk_core/common/keyboard.c ****     midi_task();
 418:tmk_core/common/keyboard.c **** #endif
 419:tmk_core/common/keyboard.c **** 
 420:tmk_core/common/keyboard.c **** #ifdef VELOCIKEY_ENABLE
 421:tmk_core/common/keyboard.c ****     if (velocikey_enabled()) {
 422:tmk_core/common/keyboard.c ****         velocikey_decelerate();
 423:tmk_core/common/keyboard.c ****     }
 424:tmk_core/common/keyboard.c **** #endif
 425:tmk_core/common/keyboard.c **** 
 426:tmk_core/common/keyboard.c **** #ifdef JOYSTICK_ENABLE
 427:tmk_core/common/keyboard.c ****     joystick_task();
 428:tmk_core/common/keyboard.c **** #endif
 429:tmk_core/common/keyboard.c **** 
 430:tmk_core/common/keyboard.c ****     // update LED
 431:tmk_core/common/keyboard.c ****     if (led_status != host_keyboard_leds()) {
 400               		.loc 1 431 5 view .LVU74
 401               		.loc 1 431 23 is_stmt 0 view .LVU75
 402 00a2 0E94 0000 		call host_keyboard_leds
 403               	.LVL28:
 404               		.loc 1 431 8 view .LVU76
 405 00a6 9091 0000 		lds r25,led_status.5673
 406 00aa 8917      		cp r24,r25
 407 00ac 01F0      		breq .L11
 432:tmk_core/common/keyboard.c ****         led_status = host_keyboard_leds();
 408               		.loc 1 432 9 is_stmt 1 view .LVU77
 409               		.loc 1 432 22 is_stmt 0 view .LVU78
 410 00ae 0E94 0000 		call host_keyboard_leds
 411               	.LVL29:
 412               		.loc 1 432 20 view .LVU79
 413 00b2 8093 0000 		sts led_status.5673,r24
 433:tmk_core/common/keyboard.c ****         keyboard_set_leds(led_status);
 414               		.loc 1 433 9 is_stmt 1 view .LVU80
 415               	.LVL30:
 416               	.LBB14:
 417               	.LBI14:
 434:tmk_core/common/keyboard.c ****     }
 435:tmk_core/common/keyboard.c **** }
 436:tmk_core/common/keyboard.c **** 
 437:tmk_core/common/keyboard.c **** /** \brief keyboard set leds
 438:tmk_core/common/keyboard.c ****  *
 439:tmk_core/common/keyboard.c ****  * FIXME: needs doc
 440:tmk_core/common/keyboard.c ****  */
 441:tmk_core/common/keyboard.c **** void keyboard_set_leds(uint8_t leds) {
 418               		.loc 1 441 6 view .LVU81
 419               	.LBB15:
 442:tmk_core/common/keyboard.c ****     if (debug_keyboard) {
 420               		.loc 1 442 5 view .LVU82
 443:tmk_core/common/keyboard.c ****         debug("keyboard_set_led: ");
 421               		.loc 1 443 36 view .LVU83
 444:tmk_core/common/keyboard.c ****         debug_hex8(leds);
 422               		.loc 1 444 25 view .LVU84
 445:tmk_core/common/keyboard.c ****         debug("\n");
 423               		.loc 1 445 20 view .LVU85
 446:tmk_core/common/keyboard.c ****     }
 447:tmk_core/common/keyboard.c ****     led_set(leds);
 424               		.loc 1 447 5 view .LVU86
 425               	/* epilogue start */
 426               	.LBE15:
 427               	.LBE14:
 435:tmk_core/common/keyboard.c **** 
 428               		.loc 1 435 1 is_stmt 0 view .LVU87
 429 00b6 2A96      		adiw r28,10
 430 00b8 0FB6      		in __tmp_reg__,__SREG__
 431 00ba F894      		cli
 432 00bc DEBF      		out __SP_H__,r29
 433 00be 0FBE      		out __SREG__,__tmp_reg__
 434 00c0 CDBF      		out __SP_L__,r28
 435 00c2 DF91      		pop r29
 436 00c4 CF91      		pop r28
 437 00c6 1F91      		pop r17
 438 00c8 0F91      		pop r16
 439 00ca FF90      		pop r15
 440 00cc EF90      		pop r14
 441 00ce DF90      		pop r13
 442 00d0 CF90      		pop r12
 443 00d2 BF90      		pop r11
 444               	.LBB17:
 445               	.LBB16:
 446               		.loc 1 447 5 view .LVU88
 447 00d4 0C94 0000 		jmp led_set
 448               	.LVL31:
 449               	.L15:
 450               		.loc 1 447 5 view .LVU89
 451               	.LBE16:
 452               	.LBE17:
 453               	.LBB18:
 454               	.LBB13:
 455               	.LBB11:
 330:tmk_core/common/keyboard.c ****                     if (matrix_change & col_mask) {
 456               		.loc 1 330 54 is_stmt 1 discriminator 2 view .LVU90
 330:tmk_core/common/keyboard.c ****                     if (matrix_change & col_mask) {
 457               		.loc 1 330 55 is_stmt 0 discriminator 2 view .LVU91
 458 00d8 8F5F      		subi r24,lo8(-(1))
 459               	.LVL32:
 330:tmk_core/common/keyboard.c ****                     if (matrix_change & col_mask) {
 460               		.loc 1 330 68 discriminator 2 view .LVU92
 461 00da FF0C      		lsl r15
 462               	.LVL33:
 330:tmk_core/common/keyboard.c ****                     if (matrix_change & col_mask) {
 463               		.loc 1 330 37 is_stmt 1 discriminator 2 view .LVU93
 330:tmk_core/common/keyboard.c ****                     if (matrix_change & col_mask) {
 464               		.loc 1 330 17 is_stmt 0 discriminator 2 view .LVU94
 465 00dc 8630      		cpi r24,lo8(6)
 466 00de 01F4      		brne .L18
 467               	.LVL34:
 468               	.L13:
 330:tmk_core/common/keyboard.c ****                     if (matrix_change & col_mask) {
 469               		.loc 1 330 17 discriminator 2 view .LVU95
 470               	.LBE11:
 471               	.LBE13:
 319:tmk_core/common/keyboard.c ****             matrix_row    = matrix_get_row(r);
 472               		.loc 1 319 46 is_stmt 1 view .LVU96
 319:tmk_core/common/keyboard.c ****             matrix_row    = matrix_get_row(r);
 473               		.loc 1 319 29 view .LVU97
 474 00e0 0F5F      		subi r16,-1
 475 00e2 1F4F      		sbci r17,-1
 476               	.LVL35:
 319:tmk_core/common/keyboard.c ****             matrix_row    = matrix_get_row(r);
 477               		.loc 1 319 9 is_stmt 0 view .LVU98
 478 00e4 0E30      		cpi r16,14
 479 00e6 1105      		cpc r17,__zero_reg__
 480 00e8 01F0      		breq .+2
 481 00ea 00C0      		rjmp .L19
 482               	.LVL36:
 483               	.L12:
 319:tmk_core/common/keyboard.c ****             matrix_row    = matrix_get_row(r);
 484               		.loc 1 319 9 view .LVU99
 485               	.LBE18:
 353:tmk_core/common/keyboard.c **** 
 486               		.loc 1 353 9 is_stmt 1 view .LVU100
 353:tmk_core/common/keyboard.c **** 
 487               		.loc 1 353 21 is_stmt 0 view .LVU101
 488 00ec 8FEF      		ldi r24,lo8(-1)
 489 00ee 8983      		std Y+1,r24
 490 00f0 8A83      		std Y+2,r24
 491 00f2 1B82      		std Y+3,__zero_reg__
 492 00f4 0E94 0000 		call timer_read
 493               	.LVL37:
 494 00f8 8160      		ori r24,1
 495 00fa 782F      		mov r23,r24
 496 00fc 9D83      		std Y+5,r25
 497 00fe 8C83      		std Y+4,r24
 353:tmk_core/common/keyboard.c **** 
 498               		.loc 1 353 9 view .LVU102
 499 0100 4981      		ldd r20,Y+1
 500 0102 5A81      		ldd r21,Y+2
 501 0104 6B81      		ldd r22,Y+3
 502 0106 8D81      		ldd r24,Y+5
 503 0108 0E94 0000 		call action_exec
 504               	.LVL38:
 505 010c 00C0      		rjmp .L17
 506               	.L11:
 507               	/* epilogue start */
 435:tmk_core/common/keyboard.c **** 
 508               		.loc 1 435 1 view .LVU103
 509 010e 2A96      		adiw r28,10
 510 0110 0FB6      		in __tmp_reg__,__SREG__
 511 0112 F894      		cli
 512 0114 DEBF      		out __SP_H__,r29
 513 0116 0FBE      		out __SREG__,__tmp_reg__
 514 0118 CDBF      		out __SP_L__,r28
 515 011a DF91      		pop r29
 516 011c CF91      		pop r28
 517 011e 1F91      		pop r17
 518 0120 0F91      		pop r16
 519 0122 FF90      		pop r15
 520 0124 EF90      		pop r14
 521 0126 DF90      		pop r13
 522 0128 CF90      		pop r12
 523 012a BF90      		pop r11
 524 012c 0895      		ret
 525               		.cfi_endproc
 526               	.LFE115:
 528               		.section	.text.keyboard_set_leds,"ax",@progbits
 529               	.global	keyboard_set_leds
 531               	keyboard_set_leds:
 532               	.LVL39:
 533               	.LFB116:
 441:tmk_core/common/keyboard.c ****     if (debug_keyboard) {
 534               		.loc 1 441 38 is_stmt 1 view -0
 535               		.cfi_startproc
 536               	/* prologue: function */
 537               	/* frame size = 0 */
 538               	/* stack size = 0 */
 539               	.L__stack_usage = 0
 442:tmk_core/common/keyboard.c ****         debug("keyboard_set_led: ");
 540               		.loc 1 442 5 view .LVU105
 443:tmk_core/common/keyboard.c ****         debug_hex8(leds);
 541               		.loc 1 443 36 view .LVU106
 444:tmk_core/common/keyboard.c ****         debug("\n");
 542               		.loc 1 444 25 view .LVU107
 445:tmk_core/common/keyboard.c ****     }
 543               		.loc 1 445 20 view .LVU108
 544               		.loc 1 447 5 view .LVU109
 545 0000 0C94 0000 		jmp led_set
 546               	.LVL40:
 547               		.loc 1 447 5 is_stmt 0 view .LVU110
 548               		.cfi_endproc
 549               	.LFE116:
 551               		.section	.bss.led_status.5673,"aw",@nobits
 554               	led_status.5673:
 555 0000 00        		.zero	1
 556               		.section	.bss.matrix_prev.5672,"aw",@nobits
 559               	matrix_prev.5672:
 560 0000 0000 0000 		.zero	14
 560      0000 0000 
 560      0000 0000 
 560      0000 
 561               		.text
 562               	.Letext0:
 563               		.file 2 "/usr/local/Cellar/avr-gcc@8/8.4.0/avr/include/stdint.h"
 564               		.file 3 "tmk_core/common/keyboard.h"
 565               		.file 4 "tmk_core/common/matrix.h"
 566               		.file 5 "tmk_core/common/action.h"
 567               		.file 6 "lib/lufa/LUFA/Drivers/USB/Core/AVR8/../StdRequestType.h"
 568               		.file 7 "lib/lufa/LUFA/Drivers/USB/Core/AVR8/../DeviceStandardReq.h"
 569               		.file 8 "lib/lufa/LUFA/Drivers/USB/Core/USBTask.h"
 570               		.file 9 "lib/lufa/LUFA/Drivers/USB/Core/HostStandardReq.h"
 571               		.file 10 "/usr/local/Cellar/avr-gcc@8/8.4.0/avr/include/stdio.h"
 572               		.file 11 "tmk_core/common/host.h"
 573               		.file 12 "tmk_core/common/debug.h"
 574               		.file 13 "quantum/keycode_config.h"
 575               		.file 14 "quantum/keymap.h"
 576               		.file 15 "tmk_core/common/timer.h"
 577               		.file 16 "tmk_core/common/command.h"
 578               		.file 17 "tmk_core/common/action_layer.h"
 579               		.file 18 "tmk_core/common/mousekey.h"
 580               		.file 19 "tmk_core/common/led.h"
 581               		.file 20 "tmk_core/common/magic.h"
DEFINED SYMBOLS
                            *ABS*:0000000000000000 keyboard.c
/var/folders/_9/m54r6fns3hz487qfhcdsxzvr0000gn/T//cc2LsXw2.s:2      *ABS*:000000000000003e __SP_H__
/var/folders/_9/m54r6fns3hz487qfhcdsxzvr0000gn/T//cc2LsXw2.s:3      *ABS*:000000000000003d __SP_L__
/var/folders/_9/m54r6fns3hz487qfhcdsxzvr0000gn/T//cc2LsXw2.s:4      *ABS*:000000000000003f __SREG__
/var/folders/_9/m54r6fns3hz487qfhcdsxzvr0000gn/T//cc2LsXw2.s:5      *ABS*:0000000000000000 __tmp_reg__
/var/folders/_9/m54r6fns3hz487qfhcdsxzvr0000gn/T//cc2LsXw2.s:6      *ABS*:0000000000000001 __zero_reg__
/var/folders/_9/m54r6fns3hz487qfhcdsxzvr0000gn/T//cc2LsXw2.s:13     .text.disable_jtag:0000000000000000 disable_jtag
/var/folders/_9/m54r6fns3hz487qfhcdsxzvr0000gn/T//cc2LsXw2.s:41     .text.keyboard_pre_init_user:0000000000000000 keyboard_pre_init_user
/var/folders/_9/m54r6fns3hz487qfhcdsxzvr0000gn/T//cc2LsXw2.s:41     .text.keyboard_pre_init_user:0000000000000000 keyboard_pre_init_user.localalias.0
/var/folders/_9/m54r6fns3hz487qfhcdsxzvr0000gn/T//cc2LsXw2.s:60     .text.matrix_setup:0000000000000000 matrix_setup
/var/folders/_9/m54r6fns3hz487qfhcdsxzvr0000gn/T//cc2LsXw2.s:75     .text.keyboard_pre_init_kb:0000000000000000 keyboard_pre_init_kb
/var/folders/_9/m54r6fns3hz487qfhcdsxzvr0000gn/T//cc2LsXw2.s:92     .text.keyboard_post_init_user:0000000000000000 keyboard_post_init_user
/var/folders/_9/m54r6fns3hz487qfhcdsxzvr0000gn/T//cc2LsXw2.s:107    .text.keyboard_post_init_kb:0000000000000000 keyboard_post_init_kb
/var/folders/_9/m54r6fns3hz487qfhcdsxzvr0000gn/T//cc2LsXw2.s:124    .text.keyboard_setup:0000000000000000 keyboard_setup
/var/folders/_9/m54r6fns3hz487qfhcdsxzvr0000gn/T//cc2LsXw2.s:147    .text.is_keyboard_master:0000000000000000 is_keyboard_master
/var/folders/_9/m54r6fns3hz487qfhcdsxzvr0000gn/T//cc2LsXw2.s:166    .text.should_process_keypress:0000000000000000 should_process_keypress
/var/folders/_9/m54r6fns3hz487qfhcdsxzvr0000gn/T//cc2LsXw2.s:184    .text.keyboard_init:0000000000000000 keyboard_init
/var/folders/_9/m54r6fns3hz487qfhcdsxzvr0000gn/T//cc2LsXw2.s:210    .text.keyboard_task:0000000000000000 keyboard_task
/var/folders/_9/m54r6fns3hz487qfhcdsxzvr0000gn/T//cc2LsXw2.s:559    .bss.matrix_prev.5672:0000000000000000 matrix_prev.5672
/var/folders/_9/m54r6fns3hz487qfhcdsxzvr0000gn/T//cc2LsXw2.s:554    .bss.led_status.5673:0000000000000000 led_status.5673
/var/folders/_9/m54r6fns3hz487qfhcdsxzvr0000gn/T//cc2LsXw2.s:531    .text.keyboard_set_leds:0000000000000000 keyboard_set_leds

UNDEFINED SYMBOLS
timer_init
matrix_init
magic
matrix_scan
matrix_get_row
debug_config
matrix_print
timer_read
action_exec
mousekey_task
host_keyboard_leds
led_set
__do_clear_bss
